<?xml version="1.0" encoding="UTF-8"?>
<testsuite xmlns:xsi="http://www.w3.org/2001/XMLSchema-instance" xsi:noNamespaceSchemaLocation="https://maven.apache.org/surefire/maven-failsafe-plugin/xsd/failsafe-test-report-3.0.xsd" version="3.0" name="runner.TestRunner" time="17.889" tests="2" errors="2" skipped="0" failures="0">
  <properties>
[...]
</properties>
  <testcase name="Check login is successfully with valid account" classname="Feature to test login functionality" time="9.146">
    <error message="The step &apos;user enters valid quanho and Abcd1234&apos; and 1 other step(s) are undefined.&#10;You can implement these steps using the snippet(s) below:&#10;&#10;@When(&quot;user enters valid quanho and Abcd1234&quot;)&#10;public void user_enters_valid_quanho_and_abcd1234() {&#10;    // Write code here that turns the phrase above into concrete actions&#10;    throw new io.cucumber.java.PendingException();&#10;}&#10;@Then(&quot;user navigate to home page with a Hi quan ho, greeting lable&quot;)&#10;public void user_navigate_to_home_page_with_a_hi_quan_ho_greeting_lable() {&#10;    // Write code here that turns the phrase above into concrete actions&#10;    throw new io.cucumber.java.PendingException();&#10;}&#10;" type="io.cucumber.junit.UndefinedStepException"><![CDATA[io.cucumber.junit.UndefinedStepException: 
The step 'user enters valid quanho and Abcd1234' and 1 other step(s) are undefined.
You can implement these steps using the snippet(s) below:

@When("user enters valid quanho and Abcd1234")
public void user_enters_valid_quanho_and_abcd1234() {
    // Write code here that turns the phrase above into concrete actions
    throw new io.cucumber.java.PendingException();
}
@Then("user navigate to home page with a Hi quan ho, greeting lable")
public void user_navigate_to_home_page_with_a_hi_quan_ho_greeting_lable() {
    // Write code here that turns the phrase above into concrete actions
    throw new io.cucumber.java.PendingException();
}

]]></error>
    <system-out><![CDATA[01:49:32.769 [main] DEBUG n.t.c.u.PropertiesFileLocalPreferences - LOADING LOCAL PROPERTIES FROM C:\Users\quan.ho\eclipse-workspace\quan_serenity\serenity.properties 
01:49:32.803 [main] DEBUG n.t.c.u.PropertiesFileLocalPreferences - LOADING LOCAL PROPERTIES FROM C:\Users\quan.ho\eclipse-workspace\quan_serenity\serenity.properties 
01:49:32.805 [main] DEBUG n.t.c.u.PropertiesFileLocalPreferences - LOADING LOCAL PROPERTIES FROM C:\Users\quan.ho\eclipse-workspace\quan_serenity\serenity.properties 
01:49:32.815 [main] DEBUG n.t.c.u.PropertiesFileLocalPreferences - webdriver.driver=chrome	
01:49:32.815 [main] DEBUG n.t.c.u.PropertiesFileLocalPreferences - webdriver.chrome.driver=src/test/resources/driver/chromedriver.exe
01:49:32.815 [main] DEBUG n.t.c.u.PropertiesFileLocalPreferences - webdriver.base.url=http://qctraining.demo.pycogroup.com/
01:49:32.815 [main] DEBUG n.t.c.u.PropertiesFileLocalPreferences - serenity.project.name=Quan Ho Serenity
01:49:32.815 [main] DEBUG n.t.c.u.PropertiesFileLocalPreferences - drivers.windows.webdriver.chrome.driver=src/test/resources/driver/chromedriver.exe
01:49:33.355 [main] INFO  i.c.core.plugin.SerenityReporter - Running feature from file:///C:/Users/quan.ho/eclipse-workspace/quan_serenity/src/test/resources/feature/TestLogin.feature
01:49:33.355 [main] WARN  i.c.core.plugin.SerenityReporter - Feature from file:///C:/Users/quan.ho/eclipse-workspace/quan_serenity/src/test/resources/feature/TestLogin.feature is not under the 'features' directory. Requirements report will not be correctly generated!
01:49:33.486 [main] DEBUG n.t.c.u.PropertiesFileLocalPreferences - LOADING LOCAL PROPERTIES FROM C:\Users\quan.ho\eclipse-workspace\quan_serenity\serenity.properties 
01:49:33.495 [main] DEBUG n.t.c.u.PropertiesFileLocalPreferences - LOADING LOCAL PROPERTIES FROM C:\Users\quan.ho\eclipse-workspace\quan_serenity\serenity.properties 
01:49:33.496 [main] DEBUG n.t.c.u.PropertiesFileLocalPreferences - LOADING LOCAL PROPERTIES FROM C:\Users\quan.ho\eclipse-workspace\quan_serenity\serenity.properties 
01:49:33.497 [main] DEBUG n.t.c.u.PropertiesFileLocalPreferences - webdriver.driver=chrome	
01:49:33.497 [main] DEBUG n.t.c.u.PropertiesFileLocalPreferences - webdriver.chrome.driver=src/test/resources/driver/chromedriver.exe
01:49:33.497 [main] DEBUG n.t.c.u.PropertiesFileLocalPreferences - webdriver.base.url=http://qctraining.demo.pycogroup.com/
01:49:33.497 [main] DEBUG n.t.c.u.PropertiesFileLocalPreferences - serenity.project.name=Quan Ho Serenity
01:49:33.497 [main] DEBUG n.t.c.u.PropertiesFileLocalPreferences - drivers.windows.webdriver.chrome.driver=src/test/resources/driver/chromedriver.exe
01:49:33.501 [main] INFO   - 

-------------------------------------------------------------------------------------
     _______. _______ .______       _______ .__   __.  __  .___________.____    ____ 
    /       ||   ____||   _  \     |   ____||  \ |  | |  | |           |\   \  /   / 
   |   (----`|  |__   |  |_)  |    |  |__   |   \|  | |  | `---|  |----` \   \/   /  
    \   \    |   __|  |      /     |   __|  |  . `  | |  |     |  |       \_    _/   
.----)   |   |  |____ |  |\  \----.|  |____ |  |\   | |  |     |  |         |  |     
|_______/    |_______|| _| `._____||_______||__| \__| |__|     |__|         |__|    
                                                                                     
 News and tutorials at http://www.serenity-bdd.info                                  
 Documentation at https://wakaleo.gitbooks.io/the-serenity-book/content/             
 Join the Serenity Community on Gitter: https://gitter.im/serenity-bdd/serenity-core 
 Serenity BDD Support and Training at http://serenity-bdd.info/#/trainingandsupport  
-------------------------------------------------------------------------------------

01:49:33.506 [main] DEBUG n.thucydides.core.steps.StepEventBus - Test suite started for story net.thucydides.core.model.Story@c632ff8
01:49:33.506 [main] INFO   - Test Suite Started: Feature to test login functionality

@Login @LoginSuccess
Scenario Outline: Check login is successfully with valid account    &amp#27;[90m# src/test/resources/feature/TestLogin.feature:15&amp#27;[0m
01:49:33.720 [main] INFO  i.c.core.plugin.SerenityReporter - Running feature from file:///C:/Users/quan.ho/eclipse-workspace/quan_serenity/src/test/resources/feature/TestLogin.feature
01:49:33.720 [main] WARN  i.c.core.plugin.SerenityReporter - Feature from file:///C:/Users/quan.ho/eclipse-workspace/quan_serenity/src/test/resources/feature/TestLogin.feature is not under the 'features' directory. Requirements report will not be correctly generated!
01:49:33.800 [main] INFO   - 
  _____   ___   ___   _____     ___   _____     _     ___   _____   ___   ___  
 |_   _| | __| / __| |_   _|   / __| |_   _|   /_\   | _ \ |_   _| | __| |   \ 
   | |   | _|  \__ \   | |     \__ \   | |    / _ \  |   /   | |   | _|  | |) |
   |_|   |___| |___/   |_|     |___/   |_|   /_/ \_\ |_|_\   |_|   |___| |___/ 

Check login is successfully with valid account(feature-to-test-login-functionality;check-login-is-successfully-with-valid-account)
--------------------------------------------------------------------------------
01:49:33.960 [main] INFO  n.s.c.w.d.ChromeDriverProvider - Using automatically driver download
01:49:34.241 [main] DEBUG i.g.b.wdm.cache.ResolutionCache - Resolution chrome=91 in cache (valid until 01:51:36 11/06/2021 ICT)
01:49:34.242 [main] DEBUG i.g.b.wdm.cache.ResolutionCache - Resolution chrome91=91.0.4472.19 in cache (valid until 23:33:25 11/06/2021 ICT)
01:49:34.242 [main] INFO  i.g.bonigarcia.wdm.WebDriverManager - Using chromedriver 91.0.4472.19 (resolved driver for Chrome 91)
01:49:34.253 [main] DEBUG i.g.bonigarcia.wdm.WebDriverManager - Driver chromedriver 91.0.4472.19 found in cache
01:49:34.254 [main] INFO  i.g.bonigarcia.wdm.WebDriverManager - Exporting webdriver.chrome.driver as C:\Users\quan.ho\.cache\selenium\chromedriver\win32\91.0.4472.19\chromedriver.exe
01:49:35.162 [main] INFO  n.s.c.w.d.ProvideNewDriver - Instantiating driver
01:49:35.166 [main] INFO  n.s.c.w.d.ProvideNewDriver - Driver capabilities: Capabilities {acceptInsecureCerts: false, browserName: chrome, goog:chromeOptions: {args: [], extensions: []}, loggingPrefs: org.openqa.selenium.logging...}
01:49:38.543 [main] DEBUG n.s.core.photography.Darkroom - Opening darkroom
01:49:38.544 [Darkroom Processing Line] DEBUG n.s.c.p.DarkroomProcessingLine - Darkroom processing line starting up
01:49:39.599 [main] DEBUG n.s.core.photography.Darkroom - Send negative for processing for target\site\serenity\ff4902a690580cb9c765c7dd8dc13b807cb2811b587dd6c42847ed7f21b2bae1.png
01:49:39.600 [Darkroom Processing Line] DEBUG n.s.c.p.DarkroomProcessingLine - Processing screenshot image in /var/screenshots/screenshot-3929047340088863094
01:49:39.600 [Darkroom Processing Line] DEBUG n.s.c.p.DarkroomProcessingLine - Saving screenshot to target\site\serenity\ff4902a690580cb9c765c7dd8dc13b807cb2811b587dd6c42847ed7f21b2bae1.png
01:49:40.808 [main] DEBUG n.s.core.photography.Darkroom - Send negative for processing for target\site\serenity\ff4902a690580cb9c765c7dd8dc13b807cb2811b587dd6c42847ed7f21b2bae1.png
01:49:40.811 [main] DEBUG n.t.core.steps.StepInterceptor - STARTING STEP: LoginStepDefs.user_is_on_login_page - isAtLoginPage
01:49:41.687 [main] DEBUG n.s.core.photography.Darkroom - Send negative for processing for target\site\serenity\7a8267017111b75ed4a04058efb281171fdcf27ab43fbe373945f157d30a3ed7.png
01:49:41.688 [Darkroom Processing Line] DEBUG n.s.c.p.DarkroomProcessingLine - Processing screenshot image in /var/screenshots/screenshot-10510781461308521946
01:49:41.689 [Darkroom Processing Line] DEBUG n.s.c.p.DarkroomProcessingLine - Saving screenshot to target\site\serenity\7a8267017111b75ed4a04058efb281171fdcf27ab43fbe373945f157d30a3ed7.png
01:49:41.690 [main] DEBUG n.t.core.steps.StepInterceptor - STEP DONE: isAtLoginPage
  &amp#27;[32mGiven &amp#27;[0m&amp#27;[32muser is on login page&amp#27;[0m                                       &amp#27;[90m# stepDefinition.LoginStepDefs.user_is_on_login_page()&amp#27;[0m
  &amp#27;[33mWhen &amp#27;[0m&amp#27;[33muser enters valid quanho and Abcd1234&amp#27;[0m                        &amp#27;[90m# null&amp#27;[0m
  &amp#27;[36mAnd &amp#27;[0m&amp#27;[36muser clicks login button&amp#27;[0m                                      &amp#27;[90m# stepDefinition.LoginStepDefs.user_clicks_login_button()&amp#27;[0m
  &amp#27;[36mThen &amp#27;[0m&amp#27;[36muser navigate to home page with a Hi quan ho, greeting lable&amp#27;[0m &amp#27;[90m# null&amp#27;[0m
]]></system-out>
    <system-err><![CDATA[Starting ChromeDriver 91.0.4472.19 (1bf021f248676a0b2ab3ee0561d83a59e424c23e-refs/branch-heads/4472@{#288}) on port 29092
Only local connections are allowed.
Please see https://chromedriver.chromium.org/security-considerations for suggestions on keeping ChromeDriver safe.
ChromeDriver was started successfully.
Jun 11, 2021 1:49:37 AM org.openqa.selenium.remote.ProtocolHandshake createSession
INFO: Detected dialect: W3C
]]></system-err>
  </testcase>
  <testcase name="Check login is unsuccessfully with invalid account" classname="Feature to test login functionality" time="5.547">
    <error message="The step &apos;user enters invalid quanho and abbcd1234&apos; and 1 other step(s) are undefined.&#10;You can implement these steps using the snippet(s) below:&#10;&#10;@When(&quot;user enters invalid quanho and abbcd1234&quot;)&#10;public void user_enters_invalid_quanho_and_abbcd1234() {&#10;    // Write code here that turns the phrase above into concrete actions&#10;    throw new io.cucumber.java.PendingException();&#10;}&#10;@Then(&quot;An Failed to authenticate: Access Denied will be displayed&quot;)&#10;public void an_failed_to_authenticate_access_denied_will_be_displayed() {&#10;    // Write code here that turns the phrase above into concrete actions&#10;    throw new io.cucumber.java.PendingException();&#10;}&#10;" type="io.cucumber.junit.UndefinedStepException"><![CDATA[io.cucumber.junit.UndefinedStepException: 
The step 'user enters invalid quanho and abbcd1234' and 1 other step(s) are undefined.
You can implement these steps using the snippet(s) below:

@When("user enters invalid quanho and abbcd1234")
public void user_enters_invalid_quanho_and_abbcd1234() {
    // Write code here that turns the phrase above into concrete actions
    throw new io.cucumber.java.PendingException();
}
@Then("An Failed to authenticate: Access Denied will be displayed")
public void an_failed_to_authenticate_access_denied_will_be_displayed() {
    // Write code here that turns the phrase above into concrete actions
    throw new io.cucumber.java.PendingException();
}

]]></error>
    <system-out><![CDATA[01:49:42.630 [main] INFO   - 
  _____   ___   ___   _____     ___   ___   _  _   ___    ___   _  _    ___ 
 |_   _| | __| / __| |_   _|   | _ \ | __| | \| | |   \  |_ _| | \| |  / __|
   | |   | _|  \__ \   | |     |  _/ | _|  | .` | | |) |  | |  | .` | | (_ |
   |_|   |___| |___/   |_|     |_|   |___| |_|\_| |___/  |___| |_|\_|  \___|

Check login is successfully with valid account
-----------------------------------------------------------------------------

@Login @LoginUnsuccess
Scenario Outline: Check login is unsuccessfully with invalid account &amp#27;[90m# src/test/resources/feature/TestLogin.feature:26&amp#27;[0m
01:49:42.687 [main] INFO  i.c.core.plugin.SerenityReporter - Running feature from file:///C:/Users/quan.ho/eclipse-workspace/quan_serenity/src/test/resources/feature/TestLogin.feature
01:49:42.688 [main] WARN  i.c.core.plugin.SerenityReporter - Feature from file:///C:/Users/quan.ho/eclipse-workspace/quan_serenity/src/test/resources/feature/TestLogin.feature is not under the 'features' directory. Requirements report will not be correctly generated!
01:49:42.699 [main] INFO   - 
  _____   ___   ___   _____     ___   _____     _     ___   _____   ___   ___  
 |_   _| | __| / __| |_   _|   / __| |_   _|   /_\   | _ \ |_   _| | __| |   \ 
   | |   | _|  \__ \   | |     \__ \   | |    / _ \  |   /   | |   | _|  | |) |
   |_|   |___| |___/   |_|     |___/   |_|   /_/ \_\ |_|_\   |_|   |___| |___/ 

Check login is unsuccessfully with invalid account(feature-to-test-login-functionality;check-login-is-unsuccessfully-with-invalid-account)
--------------------------------------------------------------------------------
01:49:42.769 [main] INFO  n.s.c.w.d.ChromeDriverProvider - Using automatically driver download
01:49:42.796 [main] DEBUG i.g.b.wdm.cache.ResolutionCache - Resolution chrome=91 in cache (valid until 01:51:36 11/06/2021 ICT)
01:49:42.800 [main] DEBUG i.g.b.wdm.cache.ResolutionCache - Resolution chrome91=91.0.4472.19 in cache (valid until 23:33:25 11/06/2021 ICT)
01:49:42.801 [main] INFO  i.g.bonigarcia.wdm.WebDriverManager - Using chromedriver 91.0.4472.19 (resolved driver for Chrome 91)
01:49:42.812 [main] DEBUG i.g.bonigarcia.wdm.WebDriverManager - Driver chromedriver 91.0.4472.19 found in cache
01:49:42.813 [main] INFO  i.g.bonigarcia.wdm.WebDriverManager - Exporting webdriver.chrome.driver as C:\Users\quan.ho\.cache\selenium\chromedriver\win32\91.0.4472.19\chromedriver.exe
01:49:43.070 [main] INFO  n.s.c.w.d.ProvideNewDriver - Instantiating driver
01:49:43.070 [main] INFO  n.s.c.w.d.ProvideNewDriver - Driver capabilities: Capabilities {acceptInsecureCerts: false, browserName: chrome, goog:chromeOptions: {args: [], extensions: []}, loggingPrefs: org.openqa.selenium.logging...}
01:49:46.469 [main] DEBUG n.s.core.photography.Darkroom - Send negative for processing for target\site\serenity\ff4902a690580cb9c765c7dd8dc13b807cb2811b587dd6c42847ed7f21b2bae1.png
01:49:46.481 [main] DEBUG n.t.core.steps.StepInterceptor - STARTING STEP: LoginStepDefs.user_is_on_login_page - isAtLoginPage
01:49:47.143 [main] DEBUG n.s.core.photography.Darkroom - Send negative for processing for target\site\serenity\ff4902a690580cb9c765c7dd8dc13b807cb2811b587dd6c42847ed7f21b2bae1.png
01:49:47.143 [main] DEBUG n.t.core.steps.StepInterceptor - STEP DONE: isAtLoginPage
  &amp#27;[32mGiven &amp#27;[0m&amp#27;[32muser is on login page&amp#27;[0m                                        &amp#27;[90m# stepDefinition.LoginStepDefs.user_is_on_login_page()&amp#27;[0m
  &amp#27;[33mWhen &amp#27;[0m&amp#27;[33muser enters invalid quanho and abbcd1234&amp#27;[0m                      &amp#27;[90m# null&amp#27;[0m
  &amp#27;[36mAnd &amp#27;[0m&amp#27;[36muser clicks login button&amp#27;[0m                                       &amp#27;[90m# stepDefinition.LoginStepDefs.user_clicks_login_button()&amp#27;[0m
  &amp#27;[36mThen &amp#27;[0m&amp#27;[36mAn Failed to authenticate: Access Denied will be displayed&amp#27;[0m    &amp#27;[90m# null&amp#27;[0m
]]></system-out>
    <system-err><![CDATA[Starting ChromeDriver 91.0.4472.19 (1bf021f248676a0b2ab3ee0561d83a59e424c23e-refs/branch-heads/4472@{#288}) on port 19565
Only local connections are allowed.
Please see https://chromedriver.chromium.org/security-considerations for suggestions on keeping ChromeDriver safe.
ChromeDriver was started successfully.
Jun 11, 2021 1:49:44 AM org.openqa.selenium.remote.ProtocolHandshake createSession
INFO: Detected dialect: W3C
]]></system-err>
  </testcase>
</testsuite>